11:42:05,711 (AWT-EventQueue-0) INFO  [uniandes.isis2304.parranderos.negocio.Parranderos] - Limpiando la BD de Parranderos
11:42:05,809 (AWT-EventQueue-0) INFO  [uniandes.isis2304.parranderos.persistencia.PersistenciaParranderos] - Borrada la base de datos
11:42:05,810 (AWT-EventQueue-0) INFO  [uniandes.isis2304.parranderos.negocio.Parranderos] - Limpiando la BD de Parranderos: Listo!
17:49:19,884 (main) INFO  [uniandes.isis2304.parranderos.interfazApp.InterfazParranderosApp] - Se encontró un archivo de configuración válido: Interfaz
17:49:19,884 (main) INFO  [uniandes.isis2304.parranderos.interfazApp.InterfazParranderosApp] - Se aplica configuración indicada en el archivo de configuración
17:49:19,896 (main) INFO  [uniandes.isis2304.parranderos.interfazApp.InterfazParranderosApp] - Se encontró un archivo de configuración válido: Tablas BD
04:39:14,885 (main) INFO  [uniandes.isis2304.parranderos.interfazApp.InterfazParranderosApp] - Se encontró un archivo de configuración válido: Interfaz
04:39:14,886 (main) INFO  [uniandes.isis2304.parranderos.interfazApp.InterfazParranderosApp] - Se aplica configuración indicada en el archivo de configuración
04:39:14,897 (main) INFO  [uniandes.isis2304.parranderos.interfazApp.InterfazParranderosApp] - Se encontró un archivo de configuración válido: Tablas BD
04:39:50,303 (main) INFO  [uniandes.isis2304.parranderos.test.ConexionTest] - Probando el acceso a la base de datos con datos de usuario correctos, pero sin crear el esquema
04:39:50,393 (main) INFO  [uniandes.isis2304.parranderos.test.ConexionTest] - Se encontró un archivo de configuración de tablas válido
04:39:51,913 (main) INFO  [uniandes.isis2304.parranderos.negocio.Parranderos] - Consultando Tipos de bebida
04:39:52,003 (main) INFO  [uniandes.isis2304.parranderos.test.ConexionTest] - Prueba de tabla inexistente correcta. La excepción generada es: javax.jdo.JDODataStoreException
04:39:52,003 (main) INFO  [uniandes.isis2304.parranderos.test.ConexionTest] - La causa es: java.sql.SQLSyntaxErrorException: ORA-00942: la tabla o vista no existe

04:39:52,003 (main) INFO  [uniandes.isis2304.parranderos.negocio.Parranderos] - Limpiando la BD de Parranderos
04:39:52,203 (main) ERROR [uniandes.isis2304.parranderos.persistencia.PersistenciaParranderos] - Exception : Error con la ejecucion de Query de SQL "DELETE FROM B_GUSTAN".
ORA-00942: la tabla o vista no existe

04:39:52,226 (main) INFO  [uniandes.isis2304.parranderos.negocio.Parranderos] - Limpiando la BD de Parranderos: Listo!
04:39:52,247 (main) INFO  [uniandes.isis2304.parranderos.test.ConexionTest] - Probando el acceso a la base de datos con una base de datos que no existe
04:39:52,247 (main) INFO  [uniandes.isis2304.parranderos.test.ConexionTest] - Se encontró un archivo de configuración de tablas válido
04:40:34,418 (main) INFO  [uniandes.isis2304.parranderos.test.ConexionTest] - Prueba realizada exitosamente. La excepción generada es: javax.jdo.JDOFatalUserException
04:40:34,418 (main) INFO  [uniandes.isis2304.parranderos.test.ConexionTest] - La causa es: javax.jdo.JDOFatalDataStoreException: Error de E/S: The Network Adapter could not establish the connection
NestedThrowables:
java.sql.SQLRecoverableException: Error de E/S: The Network Adapter could not establish the connection
04:40:34,419 (main) INFO  [uniandes.isis2304.parranderos.test.ConexionTest] - Probando el acceso a la base de datos con datos de usuario incorrectos
04:40:34,420 (main) INFO  [uniandes.isis2304.parranderos.test.ConexionTest] - Se encontró un archivo de configuración de tablas válido
04:40:50,324 (main) INFO  [uniandes.isis2304.parranderos.interfazDemo.InterfazParranderosDemo] - Se encontró un archivo de configuración válido: Interfaz
04:40:50,324 (main) INFO  [uniandes.isis2304.parranderos.interfazDemo.InterfazParranderosDemo] - Se aplica configuración indicada en el archivo de configuración
04:40:50,338 (main) INFO  [uniandes.isis2304.parranderos.interfazDemo.InterfazParranderosDemo] - Se encontró un archivo de configuración válido: Tablas BD
04:40:54,685 (AWT-EventQueue-0) INFO  [uniandes.isis2304.parranderos.negocio.Parranderos] - Adicionando Tipo de bebida: Vino tinto
04:40:54,796 (AWT-EventQueue-0) ERROR [uniandes.isis2304.parranderos.persistencia.PersistenciaParranderos] - Exception : Error con la ejecucion de Query de SQL "SELECT Parranderos_sequence.nextval FROM DUAL".
ORA-02289: no existe la secuencia

04:40:54,798 (AWT-EventQueue-0) INFO  [uniandes.isis2304.parranderos.negocio.Parranderos] - Adicionando Tipo de bebida: null
04:40:54,798 (AWT-EventQueue-0) INFO  [uniandes.isis2304.parranderos.negocio.Parranderos] - Buscando Tipo de bebida por nombre: Vino tinto
04:41:16,530 (main) INFO  [uniandes.isis2304.parranderos.test.ConexionTest] - Prueba realizada exitosamente. La excepción generada es: javax.jdo.JDOFatalUserException
04:41:16,530 (main) INFO  [uniandes.isis2304.parranderos.test.ConexionTest] - La causa es: javax.jdo.JDOFatalDataStoreException: Error de E/S: The Network Adapter could not establish the connection
NestedThrowables:
java.sql.SQLRecoverableException: Error de E/S: The Network Adapter could not establish the connection
04:41:16,531 (main) INFO  [uniandes.isis2304.parranderos.test.ConexionTest] - Probando el acceso a la base de datos con datos válidos (BD, credenciales, esquema
04:41:16,531 (main) INFO  [uniandes.isis2304.parranderos.test.ConexionTest] - Se encontró un archivo de configuración de tablas válido
04:41:16,802 (main) INFO  [uniandes.isis2304.parranderos.test.ConexionTest] - Conexión realizada correstamente
04:41:16,802 (main) INFO  [uniandes.isis2304.parranderos.test.ConexionTest] - Cerrando la conexión
04:41:16,809 (main) INFO  [uniandes.isis2304.parranderos.test.ConexionTest] - Conexión cerrada
04:41:40,580 (AWT-EventQueue-0) INFO  [uniandes.isis2304.parranderos.negocio.Parranderos] - Adicionando Tipo de bebida: Vino tinto
04:41:40,626 (AWT-EventQueue-0) ERROR [uniandes.isis2304.parranderos.persistencia.PersistenciaParranderos] - Exception : Error con la ejecucion de Query de SQL "SELECT Parranderos_sequence.nextval FROM DUAL".
ORA-02289: no existe la secuencia

04:41:40,627 (AWT-EventQueue-0) INFO  [uniandes.isis2304.parranderos.negocio.Parranderos] - Adicionando Tipo de bebida: null
04:41:40,627 (AWT-EventQueue-0) INFO  [uniandes.isis2304.parranderos.negocio.Parranderos] - Buscando Tipo de bebida por nombre: Vino tinto
04:45:29,742 (main) INFO  [uniandes.isis2304.parranderos.interfazDemo.InterfazParranderosDemo] - Se encontró un archivo de configuración válido: Interfaz
04:45:29,743 (main) INFO  [uniandes.isis2304.parranderos.interfazDemo.InterfazParranderosDemo] - Se aplica configuración indicada en el archivo de configuración
04:45:29,757 (main) INFO  [uniandes.isis2304.parranderos.interfazDemo.InterfazParranderosDemo] - Se encontró un archivo de configuración válido: Tablas BD
04:45:34,251 (AWT-EventQueue-0) INFO  [uniandes.isis2304.parranderos.negocio.Parranderos] - Adicionando Tipo de bebida: Vino tinto
04:45:34,560 (AWT-EventQueue-0) INFO  [uniandes.isis2304.parranderos.negocio.Parranderos] - Adicionando Tipo de bebida: TipoBebida [id=1, nombre=Vino tinto]
04:45:34,561 (AWT-EventQueue-0) INFO  [uniandes.isis2304.parranderos.negocio.Parranderos] - Generando los VO de Tipos de bebida
04:45:34,608 (AWT-EventQueue-0) INFO  [uniandes.isis2304.parranderos.negocio.Parranderos] - Generando los VO de Tipos de bebida: 1 existentes
04:45:34,608 (AWT-EventQueue-0) INFO  [uniandes.isis2304.parranderos.negocio.Parranderos] - Eliminando Tipo de bebida por id: 1
04:45:34,669 (AWT-EventQueue-0) INFO  [uniandes.isis2304.parranderos.negocio.Parranderos] - Eliminando Tipo de bebida por id: 1 tuplas eliminadas
04:58:47,190 (AWT-EventQueue-0) INFO  [uniandes.isis2304.parranderos.negocio.Parranderos] - Adicionando bebedor: Pepito
04:58:47,272 (AWT-EventQueue-0) INFO  [uniandes.isis2304.parranderos.negocio.Parranderos] - Adicionando bebedor: Bebedor [id=2, nombre=Pepito, ciudad=Bogotá, presupuesto=Alto]
04:58:47,272 (AWT-EventQueue-0) INFO  [uniandes.isis2304.parranderos.negocio.Parranderos] - Adicionando bar: Los Amigos
04:58:47,348 (AWT-EventQueue-0) INFO  [uniandes.isis2304.parranderos.negocio.Parranderos] - Adicionando bar: Bar [id=3, nombre=Los Amigos, ciudad=Bogotá, presupuesto=Bajo, cantSedes=2]
04:58:47,348 (AWT-EventQueue-0) INFO  [uniandes.isis2304.parranderos.negocio.Parranderos] - Adicionando Tipo de bebida: Vino tinto
04:58:47,444 (AWT-EventQueue-0) INFO  [uniandes.isis2304.parranderos.negocio.Parranderos] - Adicionando Tipo de bebida: TipoBebida [id=4, nombre=Vino tinto]
04:58:47,444 (AWT-EventQueue-0) INFO  [uniandes.isis2304.parranderos.negocio.Parranderos] - Adicionando bebida 120
04:58:47,521 (AWT-EventQueue-0) INFO  [uniandes.isis2304.parranderos.negocio.Parranderos] - Adicionando bebida: Bebida [id=5, nombre=120, idTipoBebida=4, gradoAlcohol=10]
04:58:47,521 (AWT-EventQueue-0) INFO  [uniandes.isis2304.parranderos.negocio.Parranderos] - Adicionando visitan [2, 3]
04:58:47,565 (AWT-EventQueue-0) INFO  [uniandes.isis2304.parranderos.negocio.Parranderos] - Adicionando visitan: Visitan [idBebedor=2, idBar=3, fechaVisita=2023-04-11 04:58:47.521, horario=diurno] tuplas insertadas
04:58:47,565 (AWT-EventQueue-0) INFO  [uniandes.isis2304.parranderos.negocio.Parranderos] - Adicionando visitan [2, 3]
04:58:47,595 (AWT-EventQueue-0) INFO  [uniandes.isis2304.parranderos.negocio.Parranderos] - Adicionando visitan: Visitan [idBebedor=2, idBar=3, fechaVisita=2023-04-11 04:58:47.565, horario=nocturno] tuplas insertadas
04:58:47,595 (AWT-EventQueue-0) INFO  [uniandes.isis2304.parranderos.negocio.Parranderos] - Adicionando visitan [2, 3]
04:58:47,618 (AWT-EventQueue-0) INFO  [uniandes.isis2304.parranderos.negocio.Parranderos] - Adicionando visitan: Visitan [idBebedor=2, idBar=3, fechaVisita=2023-04-11 04:58:47.595, horario=todos] tuplas insertadas
04:58:47,618 (AWT-EventQueue-0) INFO  [uniandes.isis2304.parranderos.negocio.Parranderos] - Adicionando gustan [2, 5]
04:58:47,682 (AWT-EventQueue-0) INFO  [uniandes.isis2304.parranderos.negocio.Parranderos] - Adicionando gustan: Gustan [idBebedor=2, idBebida=5] tuplas insertadas
04:58:47,682 (AWT-EventQueue-0) INFO  [uniandes.isis2304.parranderos.negocio.Parranderos] - Generando los VO de Tipos de bebida
04:58:47,706 (AWT-EventQueue-0) INFO  [uniandes.isis2304.parranderos.negocio.Parranderos] - Generando los VO de Tipos de bebida: 1 existentes
04:58:47,707 (AWT-EventQueue-0) INFO  [uniandes.isis2304.parranderos.negocio.Parranderos] - Generando los VO de las bebidas
04:58:47,746 (AWT-EventQueue-0) INFO  [uniandes.isis2304.parranderos.negocio.Parranderos] - Generando los VO de las bebidas: 1 existentes
04:58:47,746 (AWT-EventQueue-0) INFO  [uniandes.isis2304.parranderos.negocio.Parranderos] - Generando los VO de Bares
04:58:47,778 (AWT-EventQueue-0) INFO  [uniandes.isis2304.parranderos.negocio.Parranderos] - Generando los VO de Bares: 1 bares existentes
04:58:47,778 (AWT-EventQueue-0) INFO  [uniandes.isis2304.parranderos.negocio.Parranderos] - Generando los VO de Bebedores
04:58:47,814 (AWT-EventQueue-0) INFO  [uniandes.isis2304.parranderos.negocio.Parranderos] - Generando los VO de Bebedores: 1 bebedores existentes
04:58:47,814 (AWT-EventQueue-0) INFO  [uniandes.isis2304.parranderos.negocio.Parranderos] - Generando los VO de Gustan
04:58:47,846 (AWT-EventQueue-0) INFO  [uniandes.isis2304.parranderos.negocio.Parranderos] - Generando los VO de Gustan: 1 Gustan existentes
04:58:47,847 (AWT-EventQueue-0) INFO  [uniandes.isis2304.parranderos.negocio.Parranderos] - Generando los VO de Visitan
04:58:47,947 (AWT-EventQueue-0) INFO  [uniandes.isis2304.parranderos.negocio.Parranderos] - Generando los VO de Visitan: 3 Visitan existentes
04:58:47,947 (AWT-EventQueue-0) INFO  [uniandes.isis2304.parranderos.negocio.Parranderos] - Dar información COMPLETA de un bebedor por id: 2
04:58:48,051 (AWT-EventQueue-0) INFO  [uniandes.isis2304.parranderos.negocio.Parranderos] - Bebedor [id=2, nombre=Pepito, ciudad=Bogotá, presupuesto=Alto]
04:58:48,052 (AWT-EventQueue-0) INFO  [uniandes.isis2304.parranderos.negocio.Parranderos] - Eliminando bebida por nombre: 120
04:58:48,092 (AWT-EventQueue-0) ERROR [uniandes.isis2304.parranderos.persistencia.PersistenciaParranderos] - Exception : Error con la ejecucion de Query de SQL "DELETE FROM A_BEBIDA WHERE nombre = ?".
ORA-02292: restricción de integridad (ISIS2304A34202310.FK_G_BEBIDA) violada - registro secundario encontrado

04:58:48,111 (AWT-EventQueue-0) INFO  [uniandes.isis2304.parranderos.negocio.Parranderos] - Eliminando bebida por nombre: -1 tuplas eliminadas
04:58:48,111 (AWT-EventQueue-0) INFO  [uniandes.isis2304.parranderos.negocio.Parranderos] - Eliminando Tipo de bebida por nombre: Vino tinto
04:58:48,131 (AWT-EventQueue-0) ERROR [uniandes.isis2304.parranderos.persistencia.PersistenciaParranderos] - Exception : Error con la ejecucion de Query de SQL "DELETE FROM A_TIPOBEBIDA WHERE nombre = ?".
ORA-02292: restricción de integridad (ISIS2304A34202310.FK_A_TIPOBEBIDA) violada - registro secundario encontrado

04:58:48,147 (AWT-EventQueue-0) INFO  [uniandes.isis2304.parranderos.negocio.Parranderos] - Eliminando Tipo de bebida por nombre: -1 tuplas eliminadas
04:58:48,147 (AWT-EventQueue-0) INFO  [uniandes.isis2304.parranderos.negocio.Parranderos] - Eliminando bebedor con sus visitas v1: 2
04:58:48,174 (AWT-EventQueue-0) ERROR [uniandes.isis2304.parranderos.persistencia.PersistenciaParranderos] - Exception : Error con la ejecucion de Query de SQL "DELETE FROM A_BEBEDOR WHERE id = ?".
ORA-02292: restricción de integridad (ISIS2304A34202310.FK_G_BEBEDOR) violada - registro secundario encontrado

04:58:48,191 (AWT-EventQueue-0) INFO  [uniandes.isis2304.parranderos.negocio.Parranderos] - Eliminando bebedor con sus visitas v1: -1 bebedor y -1 visitas
04:58:48,191 (AWT-EventQueue-0) INFO  [uniandes.isis2304.parranderos.negocio.Parranderos] - Eliminando bar por nombre: Los Amigos
04:58:48,211 (AWT-EventQueue-0) ERROR [uniandes.isis2304.parranderos.persistencia.PersistenciaParranderos] - Exception : Error con la ejecucion de Query de SQL "DELETE FROM A_BAR WHERE nombre = ?".
ORA-02292: restricción de integridad (ISIS2304A34202310.FK_V_BAR) violada - registro secundario encontrado

04:58:48,226 (AWT-EventQueue-0) INFO  [uniandes.isis2304.parranderos.negocio.Parranderos] - Eliminando bar: -1 tuplas eliminadas
15:41:21,442 (main) INFO  [uniandes.isis2304.parranderos.interfazApp.InterfazParranderosApp] - Se encontró un archivo de configuración válido: Interfaz
15:41:21,443 (main) INFO  [uniandes.isis2304.parranderos.interfazApp.InterfazParranderosApp] - Se aplica configuración indicada en el archivo de configuración
15:41:21,473 (main) INFO  [uniandes.isis2304.parranderos.interfazApp.InterfazParranderosApp] - Se encontró un archivo de configuración válido: Tablas BD
15:42:45,338 (AWT-EventQueue-0) INFO  [uniandes.isis2304.parranderos.negocio.AlohAndes] - Generando los VO de Usuarios
15:42:45,424 (AWT-EventQueue-0) INFO  [uniandes.isis2304.parranderos.negocio.AlohAndes] - Generando los VO de Usuarios: 0 existentes
15:46:31,637 (main) INFO  [uniandes.isis2304.parranderos.interfazApp.InterfazParranderosApp] - Se encontró un archivo de configuración válido: Interfaz
15:46:31,638 (main) INFO  [uniandes.isis2304.parranderos.interfazApp.InterfazParranderosApp] - Se aplica configuración indicada en el archivo de configuración
15:46:31,666 (main) INFO  [uniandes.isis2304.parranderos.interfazApp.InterfazParranderosApp] - Se encontró un archivo de configuración válido: Tablas BD
15:47:23,306 (AWT-EventQueue-0) INFO  [uniandes.isis2304.parranderos.negocio.AlohAndes] - Adicionando Usuario: 11042778498
15:47:23,604 (AWT-EventQueue-0) INFO  [uniandes.isis2304.parranderos.negocio.AlohAndes] - Adicionando Usuario: Usuario [id=1, nit=11042778498, tipo jurídico=Hotel, relación comunidad=Convenio]
15:48:00,485 (AWT-EventQueue-0) INFO  [uniandes.isis2304.parranderos.negocio.AlohAndes] - Generando los VO de Usuarios
15:49:42,291 (main) INFO  [uniandes.isis2304.parranderos.interfazApp.InterfazParranderosApp] - Se encontró un archivo de configuración válido: Interfaz
15:49:42,293 (main) INFO  [uniandes.isis2304.parranderos.interfazApp.InterfazParranderosApp] - Se aplica configuración indicada en el archivo de configuración
15:49:42,323 (main) INFO  [uniandes.isis2304.parranderos.interfazApp.InterfazParranderosApp] - Se encontró un archivo de configuración válido: Tablas BD
15:49:48,585 (AWT-EventQueue-0) INFO  [uniandes.isis2304.parranderos.negocio.AlohAndes] - Generando los VO de Usuarios
14:40:09,897 (main) INFO  [uniandes.isis2304.parranderos.interfazApp.InterfazParranderosApp] - Se encontró un archivo de configuración válido: Interfaz
14:40:09,899 (main) INFO  [uniandes.isis2304.parranderos.interfazApp.InterfazParranderosApp] - Se aplica configuración indicada en el archivo de configuración
14:40:09,926 (main) INFO  [uniandes.isis2304.parranderos.interfazApp.InterfazParranderosApp] - Se encontró un archivo de configuración válido: Tablas BD
08:47:25,988 (main) INFO  [uniandes.isis2304.parranderos.interfazApp.InterfazParranderosApp] - Se encontró un archivo de configuración válido: Interfaz
08:47:25,988 (main) INFO  [uniandes.isis2304.parranderos.interfazApp.InterfazParranderosApp] - Se aplica configuración indicada en el archivo de configuración
08:47:26,021 (main) INFO  [uniandes.isis2304.parranderos.interfazApp.InterfazParranderosApp] - Se encontró un archivo de configuración válido: Tablas BD
14:12:54,207 (main) INFO  [uniandes.isis2304.parranderos.interfazApp.InterfazParranderosApp] - Se encontró un archivo de configuración válido: Interfaz
14:12:54,207 (main) INFO  [uniandes.isis2304.parranderos.interfazApp.InterfazParranderosApp] - Se aplica configuración indicada en el archivo de configuración
14:12:54,240 (main) INFO  [uniandes.isis2304.parranderos.interfazApp.InterfazParranderosApp] - Se encontró un archivo de configuración válido: Tablas BD
14:14:51,678 (main) INFO  [uniandes.isis2304.parranderos.interfazApp.InterfazParranderosApp] - Se encontró un archivo de configuración válido: Interfaz
14:14:51,678 (main) INFO  [uniandes.isis2304.parranderos.interfazApp.InterfazParranderosApp] - Se aplica configuración indicada en el archivo de configuración
14:14:51,686 (main) INFO  [uniandes.isis2304.parranderos.interfazApp.InterfazParranderosApp] - Se encontró un archivo de configuración válido: Tablas BD
14:15:50,714 (AWT-EventQueue-0) INFO  [uniandes.isis2304.parranderos.negocio.AlohAndes] - Adicionando Usuario: 1002212133
14:25:43,017 (main) INFO  [uniandes.isis2304.parranderos.interfazApp.InterfazParranderosApp] - Se encontró un archivo de configuración válido: Interfaz
14:25:43,017 (main) INFO  [uniandes.isis2304.parranderos.interfazApp.InterfazParranderosApp] - Se aplica configuración indicada en el archivo de configuración
14:25:43,026 (main) INFO  [uniandes.isis2304.parranderos.interfazApp.InterfazParranderosApp] - Se encontró un archivo de configuración válido: Tablas BD
14:28:19,842 (main) INFO  [uniandes.isis2304.parranderos.interfazApp.InterfazParranderosApp] - Se encontró un archivo de configuración válido: Interfaz
14:28:19,842 (main) INFO  [uniandes.isis2304.parranderos.interfazApp.InterfazParranderosApp] - Se aplica configuración indicada en el archivo de configuración
14:28:19,851 (main) INFO  [uniandes.isis2304.parranderos.interfazApp.InterfazParranderosApp] - Se encontró un archivo de configuración válido: Tablas BD
14:29:08,387 (main) INFO  [uniandes.isis2304.parranderos.interfazApp.InterfazParranderosApp] - Se encontró un archivo de configuración válido: Interfaz
14:29:08,388 (main) INFO  [uniandes.isis2304.parranderos.interfazApp.InterfazParranderosApp] - Se aplica configuración indicada en el archivo de configuración
14:29:08,397 (main) INFO  [uniandes.isis2304.parranderos.interfazApp.InterfazParranderosApp] - Se encontró un archivo de configuración válido: Tablas BD
14:32:53,001 (main) INFO  [uniandes.isis2304.parranderos.interfazApp.InterfazParranderosApp] - Se encontró un archivo de configuración válido: Interfaz
14:32:53,002 (main) INFO  [uniandes.isis2304.parranderos.interfazApp.InterfazParranderosApp] - Se aplica configuración indicada en el archivo de configuración
14:32:53,010 (main) INFO  [uniandes.isis2304.parranderos.interfazApp.InterfazParranderosApp] - Se encontró un archivo de configuración válido: Tablas BD
14:33:11,215 (AWT-EventQueue-0) INFO  [uniandes.isis2304.parranderos.negocio.AlohAndes] - Adicionando Usuario: 1002212133
14:48:51,850 (main) INFO  [uniandes.isis2304.parranderos.interfazApp.InterfazParranderosApp] - Se encontró un archivo de configuración válido: Interfaz
14:48:51,850 (main) INFO  [uniandes.isis2304.parranderos.interfazApp.InterfazParranderosApp] - Se aplica configuración indicada en el archivo de configuración
14:48:51,859 (main) INFO  [uniandes.isis2304.parranderos.interfazApp.InterfazParranderosApp] - Se encontró un archivo de configuración válido: Tablas BD
14:49:42,540 (AWT-EventQueue-0) INFO  [uniandes.isis2304.parranderos.negocio.AlohAndes] - Adicionando Usuario: 1002212133
14:59:07,835 (main) INFO  [uniandes.isis2304.parranderos.interfazApp.InterfazParranderosApp] - Se encontró un archivo de configuración válido: Interfaz
14:59:07,835 (main) INFO  [uniandes.isis2304.parranderos.interfazApp.InterfazParranderosApp] - Se aplica configuración indicada en el archivo de configuración
14:59:07,850 (main) INFO  [uniandes.isis2304.parranderos.interfazApp.InterfazParranderosApp] - Se encontró un archivo de configuración válido: Tablas BD
15:00:01,210 (AWT-EventQueue-0) INFO  [uniandes.isis2304.parranderos.negocio.AlohAndes] - Adicionando Usuario: 120
15:01:08,914 (AWT-EventQueue-0) ERROR [uniandes.isis2304.parranderos.persistencia.PersistenciaAlohAndes] - Exception : Error con la ejecucion de Query de SQL "INSERT INTO A_USUARIO(Id, numeroDocumento, tipoDocumento, RelacionComunidad, Clave) values (?, ?, ?, ?, ?)".
ORA-00001: restricción única (ISIS2304A34202310.A_USUARIO_PK) violada

15:01:08,956 (AWT-EventQueue-0) INFO  [uniandes.isis2304.parranderos.negocio.AlohAndes] - Adicionando Usuario: null
15:01:08,956 (AWT-EventQueue-0) INFO  [uniandes.isis2304.parranderos.negocio.AlohAndes] - Buscando Usuario por identificacion: 1002212133
20:26:15,996 (main) INFO  [uniandes.isis2304.parranderos.interfazApp.InterfazParranderosApp] - Se encontró un archivo de configuración válido: Interfaz
20:26:15,997 (main) INFO  [uniandes.isis2304.parranderos.interfazApp.InterfazParranderosApp] - Se aplica configuración indicada en el archivo de configuración
20:26:16,005 (main) INFO  [uniandes.isis2304.parranderos.interfazApp.InterfazParranderosApp] - Se encontró un archivo de configuración válido: Tablas BD
21:38:17,678 (main) INFO  [uniandes.isis2304.parranderos.interfazApp.InterfazParranderosApp] - Se encontró un archivo de configuración válido: Interfaz
21:38:17,678 (main) INFO  [uniandes.isis2304.parranderos.interfazApp.InterfazParranderosApp] - Se aplica configuración indicada en el archivo de configuración
21:38:17,687 (main) INFO  [uniandes.isis2304.parranderos.interfazApp.InterfazParranderosApp] - Se encontró un archivo de configuración válido: Tablas BD
09:15:57,566 (main) INFO  [uniandes.isis2304.parranderos.interfazApp.InterfazParranderosApp] - Se encontró un archivo de configuración válido: Interfaz
09:15:57,566 (main) INFO  [uniandes.isis2304.parranderos.interfazApp.InterfazParranderosApp] - Se aplica configuración indicada en el archivo de configuración
09:15:57,585 (main) INFO  [uniandes.isis2304.parranderos.interfazApp.InterfazParranderosApp] - Se encontró un archivo de configuración válido: Tablas BD
09:17:02,825 (main) INFO  [uniandes.isis2304.parranderos.interfazApp.InterfazParranderosApp] - Se encontró un archivo de configuración válido: Interfaz
09:17:02,826 (main) INFO  [uniandes.isis2304.parranderos.interfazApp.InterfazParranderosApp] - Se aplica configuración indicada en el archivo de configuración
09:17:02,834 (main) INFO  [uniandes.isis2304.parranderos.interfazApp.InterfazParranderosApp] - Se encontró un archivo de configuración válido: Tablas BD
09:29:42,266 (main) INFO  [uniandes.isis2304.parranderos.interfazApp.InterfazParranderosApp] - Se encontró un archivo de configuración válido: Interfaz
09:29:42,266 (main) INFO  [uniandes.isis2304.parranderos.interfazApp.InterfazParranderosApp] - Se aplica configuración indicada en el archivo de configuración
09:29:42,276 (main) INFO  [uniandes.isis2304.parranderos.interfazApp.InterfazParranderosApp] - Se encontró un archivo de configuración válido: Tablas BD
09:30:53,750 (AWT-EventQueue-0) INFO  [uniandes.isis2304.parranderos.negocio.AlohAndes] - Generando los VO de Usuarios
09:31:19,800 (main) INFO  [uniandes.isis2304.parranderos.interfazApp.InterfazParranderosApp] - Se encontró un archivo de configuración válido: Interfaz
09:31:19,800 (main) INFO  [uniandes.isis2304.parranderos.interfazApp.InterfazParranderosApp] - Se aplica configuración indicada en el archivo de configuración
09:31:19,823 (main) INFO  [uniandes.isis2304.parranderos.interfazApp.InterfazParranderosApp] - Se encontró un archivo de configuración válido: Tablas BD
09:33:51,292 (main) INFO  [uniandes.isis2304.parranderos.interfazApp.InterfazParranderosApp] - Se encontró un archivo de configuración válido: Interfaz
09:33:51,292 (main) INFO  [uniandes.isis2304.parranderos.interfazApp.InterfazParranderosApp] - Se aplica configuración indicada en el archivo de configuración
09:33:51,302 (main) INFO  [uniandes.isis2304.parranderos.interfazApp.InterfazParranderosApp] - Se encontró un archivo de configuración válido: Tablas BD
09:34:18,567 (AWT-EventQueue-0) INFO  [uniandes.isis2304.parranderos.negocio.AlohAndes] - Eliminando Usuario por id: 8
09:34:18,825 (AWT-EventQueue-0) ERROR [uniandes.isis2304.parranderos.persistencia.PersistenciaAlohAndes] - Exception : Error con la ejecucion de Query de SQL "DELETE FROM A_USUARIO WHERE id = ?".
ORA-02292: restricción de integridad (ISIS2304A34202310.FK_CLIENTE_A_USUARIO) violada - registro secundario encontrado

09:34:18,848 (AWT-EventQueue-0) INFO  [uniandes.isis2304.parranderos.negocio.AlohAndes] - Eliminando Usuario por id: -1 tuplas eliminadas
09:34:34,167 (AWT-EventQueue-0) INFO  [uniandes.isis2304.parranderos.negocio.AlohAndes] - Buscando Usuario por identificacion: 1
09:34:48,427 (AWT-EventQueue-0) INFO  [uniandes.isis2304.parranderos.negocio.AlohAndes] - Buscando Usuario por identificacion: 13479971147
09:35:09,331 (AWT-EventQueue-0) INFO  [uniandes.isis2304.parranderos.negocio.AlohAndes] - Buscando Usuario por identificacion: 61792456
09:36:19,718 (AWT-EventQueue-0) INFO  [uniandes.isis2304.parranderos.negocio.AlohAndes] - Buscando Usuario por identificacion: 61792456
09:36:31,389 (AWT-EventQueue-0) INFO  [uniandes.isis2304.parranderos.negocio.AlohAndes] - Buscando Usuario por identificacion: 1151123456
09:43:53,838 (main) INFO  [uniandes.isis2304.parranderos.interfazApp.InterfazParranderosApp] - Se encontró un archivo de configuración válido: Interfaz
09:43:53,838 (main) INFO  [uniandes.isis2304.parranderos.interfazApp.InterfazParranderosApp] - Se aplica configuración indicada en el archivo de configuración
09:43:53,847 (main) INFO  [uniandes.isis2304.parranderos.interfazApp.InterfazParranderosApp] - Se encontró un archivo de configuración válido: Tablas BD
09:44:03,683 (AWT-EventQueue-0) INFO  [uniandes.isis2304.parranderos.negocio.AlohAndes] - Eliminando Usuario por id: 8
09:44:03,922 (AWT-EventQueue-0) ERROR [uniandes.isis2304.parranderos.persistencia.PersistenciaAlohAndes] - Exception : Error con la ejecucion de Query de SQL "DELETE FROM A_USUARIO WHERE id = ?".
ORA-02292: restricción de integridad (ISIS2304A34202310.FK_CLIENTE_A_USUARIO) violada - registro secundario encontrado

09:44:03,946 (AWT-EventQueue-0) INFO  [uniandes.isis2304.parranderos.negocio.AlohAndes] - Eliminando Usuario por id: -1 tuplas eliminadas
09:44:26,679 (AWT-EventQueue-0) INFO  [uniandes.isis2304.parranderos.negocio.AlohAndes] - Eliminando Usuario por id: 9
09:44:26,716 (AWT-EventQueue-0) ERROR [uniandes.isis2304.parranderos.persistencia.PersistenciaAlohAndes] - Exception : Error con la ejecucion de Query de SQL "DELETE FROM A_USUARIO WHERE id = ?".
ORA-02292: restricción de integridad (ISIS2304A34202310.FK_CLIENTE_A_USUARIO) violada - registro secundario encontrado

09:44:26,735 (AWT-EventQueue-0) INFO  [uniandes.isis2304.parranderos.negocio.AlohAndes] - Eliminando Usuario por id: -1 tuplas eliminadas
09:44:39,640 (AWT-EventQueue-0) INFO  [uniandes.isis2304.parranderos.negocio.AlohAndes] - Eliminando Usuario por id: 3
09:44:39,683 (AWT-EventQueue-0) ERROR [uniandes.isis2304.parranderos.persistencia.PersistenciaAlohAndes] - Exception : Error con la ejecucion de Query de SQL "DELETE FROM A_USUARIO WHERE id = ?".
ORA-02292: restricción de integridad (ISIS2304A34202310.FK_OPERADOR_A_USUARIO) violada - registro secundario encontrado

09:44:39,702 (AWT-EventQueue-0) INFO  [uniandes.isis2304.parranderos.negocio.AlohAndes] - Eliminando Usuario por id: -1 tuplas eliminadas
09:53:37,710 (main) INFO  [uniandes.isis2304.parranderos.interfazApp.InterfazParranderosApp] - Se encontró un archivo de configuración válido: Interfaz
09:53:37,711 (main) INFO  [uniandes.isis2304.parranderos.interfazApp.InterfazParranderosApp] - Se aplica configuración indicada en el archivo de configuración
09:53:37,719 (main) INFO  [uniandes.isis2304.parranderos.interfazApp.InterfazParranderosApp] - Se encontró un archivo de configuración válido: Tablas BD
10:05:14,852 (main) INFO  [uniandes.isis2304.parranderos.interfazApp.InterfazParranderosApp] - Se encontró un archivo de configuración válido: Interfaz
10:05:14,854 (main) INFO  [uniandes.isis2304.parranderos.interfazApp.InterfazParranderosApp] - Se aplica configuración indicada en el archivo de configuración
10:05:14,864 (main) INFO  [uniandes.isis2304.parranderos.interfazApp.InterfazParranderosApp] - Se encontró un archivo de configuración válido: Tablas BD
10:05:19,036 (AWT-EventQueue-0) INFO  [uniandes.isis2304.parranderos.negocio.AlohAndes] - Generando los VO de Usuarios
10:06:16,369 (main) INFO  [uniandes.isis2304.parranderos.interfazApp.InterfazParranderosApp] - Se encontró un archivo de configuración válido: Interfaz
10:06:16,369 (main) INFO  [uniandes.isis2304.parranderos.interfazApp.InterfazParranderosApp] - Se aplica configuración indicada en el archivo de configuración
10:06:16,378 (main) INFO  [uniandes.isis2304.parranderos.interfazApp.InterfazParranderosApp] - Se encontró un archivo de configuración válido: Tablas BD
10:06:20,042 (AWT-EventQueue-0) INFO  [uniandes.isis2304.parranderos.negocio.AlohAndes] - Generando los VO de Usuarios
10:10:50,431 (main) INFO  [uniandes.isis2304.parranderos.interfazApp.InterfazParranderosApp] - Se encontró un archivo de configuración válido: Interfaz
10:10:50,431 (main) INFO  [uniandes.isis2304.parranderos.interfazApp.InterfazParranderosApp] - Se aplica configuración indicada en el archivo de configuración
10:10:50,440 (main) INFO  [uniandes.isis2304.parranderos.interfazApp.InterfazParranderosApp] - Se encontró un archivo de configuración válido: Tablas BD
10:10:56,362 (AWT-EventQueue-0) INFO  [uniandes.isis2304.parranderos.negocio.AlohAndes] - Generando los VO de Usuarios
10:13:47,431 (main) INFO  [uniandes.isis2304.parranderos.interfazApp.InterfazParranderosApp] - Se encontró un archivo de configuración válido: Interfaz
10:13:47,431 (main) INFO  [uniandes.isis2304.parranderos.interfazApp.InterfazParranderosApp] - Se aplica configuración indicada en el archivo de configuración
10:13:47,441 (main) INFO  [uniandes.isis2304.parranderos.interfazApp.InterfazParranderosApp] - Se encontró un archivo de configuración válido: Tablas BD
10:13:51,826 (AWT-EventQueue-0) INFO  [uniandes.isis2304.parranderos.negocio.AlohAndes] - Generando los VO de Usuarios
10:15:20,990 (main) INFO  [uniandes.isis2304.parranderos.interfazApp.InterfazParranderosApp] - Se encontró un archivo de configuración válido: Interfaz
10:15:20,990 (main) INFO  [uniandes.isis2304.parranderos.interfazApp.InterfazParranderosApp] - Se aplica configuración indicada en el archivo de configuración
10:15:21,000 (main) INFO  [uniandes.isis2304.parranderos.interfazApp.InterfazParranderosApp] - Se encontró un archivo de configuración válido: Tablas BD
10:15:25,272 (AWT-EventQueue-0) INFO  [uniandes.isis2304.parranderos.negocio.AlohAndes] - Generando los VO de Usuarios
10:16:03,936 (main) INFO  [uniandes.isis2304.parranderos.interfazApp.InterfazParranderosApp] - Se encontró un archivo de configuración válido: Interfaz
10:16:03,937 (main) INFO  [uniandes.isis2304.parranderos.interfazApp.InterfazParranderosApp] - Se aplica configuración indicada en el archivo de configuración
10:16:03,947 (main) INFO  [uniandes.isis2304.parranderos.interfazApp.InterfazParranderosApp] - Se encontró un archivo de configuración válido: Tablas BD
10:16:08,045 (AWT-EventQueue-0) INFO  [uniandes.isis2304.parranderos.negocio.AlohAndes] - Generando los VO de Usuarios
10:45:09,632 (main) INFO  [uniandes.isis2304.parranderos.interfazApp.InterfazParranderosApp] - Se encontró un archivo de configuración válido: Interfaz
10:45:09,633 (main) INFO  [uniandes.isis2304.parranderos.interfazApp.InterfazParranderosApp] - Se aplica configuración indicada en el archivo de configuración
10:45:09,642 (main) INFO  [uniandes.isis2304.parranderos.interfazApp.InterfazParranderosApp] - Se encontró un archivo de configuración válido: Tablas BD
10:45:13,962 (AWT-EventQueue-0) INFO  [uniandes.isis2304.parranderos.negocio.AlohAndes] - Generando los VO de Usuarios
10:53:48,750 (main) INFO  [uniandes.isis2304.parranderos.interfazApp.InterfazParranderosApp] - Se encontró un archivo de configuración válido: Interfaz
10:53:48,750 (main) INFO  [uniandes.isis2304.parranderos.interfazApp.InterfazParranderosApp] - Se aplica configuración indicada en el archivo de configuración
10:53:48,762 (main) INFO  [uniandes.isis2304.parranderos.interfazApp.InterfazParranderosApp] - Se encontró un archivo de configuración válido: Tablas BD
10:53:59,713 (AWT-EventQueue-0) INFO  [uniandes.isis2304.parranderos.negocio.AlohAndes] - Generando los VO de Usuarios
10:54:21,840 (main) INFO  [uniandes.isis2304.parranderos.interfazApp.InterfazParranderosApp] - Se encontró un archivo de configuración válido: Interfaz
10:54:21,841 (main) INFO  [uniandes.isis2304.parranderos.interfazApp.InterfazParranderosApp] - Se aplica configuración indicada en el archivo de configuración
10:54:21,850 (main) INFO  [uniandes.isis2304.parranderos.interfazApp.InterfazParranderosApp] - Se encontró un archivo de configuración válido: Tablas BD
10:54:30,630 (AWT-EventQueue-0) INFO  [uniandes.isis2304.parranderos.negocio.AlohAndes] - Generando los VO de Usuarios
10:55:27,389 (main) INFO  [uniandes.isis2304.parranderos.interfazApp.InterfazParranderosApp] - Se encontró un archivo de configuración válido: Interfaz
10:55:27,389 (main) INFO  [uniandes.isis2304.parranderos.interfazApp.InterfazParranderosApp] - Se aplica configuración indicada en el archivo de configuración
10:55:27,398 (main) INFO  [uniandes.isis2304.parranderos.interfazApp.InterfazParranderosApp] - Se encontró un archivo de configuración válido: Tablas BD
10:55:35,522 (AWT-EventQueue-0) INFO  [uniandes.isis2304.parranderos.negocio.AlohAndes] - Generando los VO de Usuarios
12:48:57,198 (main) INFO  [uniandes.isis2304.parranderos.interfazApp.InterfazParranderosApp] - Se encontró un archivo de configuración válido: Interfaz
12:48:57,198 (main) INFO  [uniandes.isis2304.parranderos.interfazApp.InterfazParranderosApp] - Se aplica configuración indicada en el archivo de configuración
12:48:57,208 (main) INFO  [uniandes.isis2304.parranderos.interfazApp.InterfazParranderosApp] - Se encontró un archivo de configuración válido: Tablas BD
12:49:01,154 (AWT-EventQueue-0) INFO  [uniandes.isis2304.parranderos.negocio.AlohAndes] - Generando los VO de Usuarios
12:50:04,356 (main) INFO  [uniandes.isis2304.parranderos.interfazApp.InterfazParranderosApp] - Se encontró un archivo de configuración válido: Interfaz
12:50:04,357 (main) INFO  [uniandes.isis2304.parranderos.interfazApp.InterfazParranderosApp] - Se aplica configuración indicada en el archivo de configuración
12:50:04,366 (main) INFO  [uniandes.isis2304.parranderos.interfazApp.InterfazParranderosApp] - Se encontró un archivo de configuración válido: Tablas BD
12:50:08,144 (AWT-EventQueue-0) INFO  [uniandes.isis2304.parranderos.negocio.AlohAndes] - Generando los VO de Usuarios
12:50:34,970 (main) INFO  [uniandes.isis2304.parranderos.interfazApp.InterfazParranderosApp] - Se encontró un archivo de configuración válido: Interfaz
12:50:34,970 (main) INFO  [uniandes.isis2304.parranderos.interfazApp.InterfazParranderosApp] - Se aplica configuración indicada en el archivo de configuración
12:50:34,979 (main) INFO  [uniandes.isis2304.parranderos.interfazApp.InterfazParranderosApp] - Se encontró un archivo de configuración válido: Tablas BD
12:50:38,530 (AWT-EventQueue-0) INFO  [uniandes.isis2304.parranderos.negocio.AlohAndes] - Generando los VO de Usuarios
12:52:05,426 (main) INFO  [uniandes.isis2304.parranderos.interfazApp.InterfazParranderosApp] - Se encontró un archivo de configuración válido: Interfaz
12:52:05,426 (main) INFO  [uniandes.isis2304.parranderos.interfazApp.InterfazParranderosApp] - Se aplica configuración indicada en el archivo de configuración
12:52:05,435 (main) INFO  [uniandes.isis2304.parranderos.interfazApp.InterfazParranderosApp] - Se encontró un archivo de configuración válido: Tablas BD
12:52:09,272 (AWT-EventQueue-0) INFO  [uniandes.isis2304.parranderos.negocio.AlohAndes] - Generando los VO de Usuarios
12:55:19,831 (main) INFO  [uniandes.isis2304.parranderos.interfazApp.InterfazParranderosApp] - Se encontró un archivo de configuración válido: Interfaz
12:55:19,831 (main) INFO  [uniandes.isis2304.parranderos.interfazApp.InterfazParranderosApp] - Se aplica configuración indicada en el archivo de configuración
12:55:19,840 (main) INFO  [uniandes.isis2304.parranderos.interfazApp.InterfazParranderosApp] - Se encontró un archivo de configuración válido: Tablas BD
12:55:29,952 (AWT-EventQueue-0) INFO  [uniandes.isis2304.parranderos.negocio.AlohAndes] - Generando los VO de Usuarios
13:04:28,117 (main) INFO  [uniandes.isis2304.parranderos.interfazApp.InterfazParranderosApp] - Se encontró un archivo de configuración válido: Interfaz
13:04:28,117 (main) INFO  [uniandes.isis2304.parranderos.interfazApp.InterfazParranderosApp] - Se aplica configuración indicada en el archivo de configuración
13:04:28,126 (main) INFO  [uniandes.isis2304.parranderos.interfazApp.InterfazParranderosApp] - Se encontró un archivo de configuración válido: Tablas BD
13:04:31,806 (AWT-EventQueue-0) INFO  [uniandes.isis2304.parranderos.negocio.AlohAndes] - Generando los VO de Usuarios
14:13:11,449 (main) INFO  [uniandes.isis2304.parranderos.interfazApp.InterfazParranderosApp] - Se encontró un archivo de configuración válido: Interfaz
14:13:11,451 (main) INFO  [uniandes.isis2304.parranderos.interfazApp.InterfazParranderosApp] - Se aplica configuración indicada en el archivo de configuración
14:13:11,464 (main) INFO  [uniandes.isis2304.parranderos.interfazApp.InterfazParranderosApp] - Se encontró un archivo de configuración válido: Tablas BD
14:13:16,066 (AWT-EventQueue-0) INFO  [uniandes.isis2304.parranderos.negocio.AlohAndes] - Generando los VO de Usuarios
14:13:40,280 (main) INFO  [uniandes.isis2304.parranderos.interfazApp.InterfazParranderosApp] - Se encontró un archivo de configuración válido: Interfaz
14:13:40,281 (main) INFO  [uniandes.isis2304.parranderos.interfazApp.InterfazParranderosApp] - Se aplica configuración indicada en el archivo de configuración
14:13:40,295 (main) INFO  [uniandes.isis2304.parranderos.interfazApp.InterfazParranderosApp] - Se encontró un archivo de configuración válido: Tablas BD
14:13:46,565 (AWT-EventQueue-0) INFO  [uniandes.isis2304.parranderos.negocio.AlohAndes] - Generando los VO de Usuarios
14:20:10,306 (main) INFO  [uniandes.isis2304.parranderos.interfazApp.InterfazParranderosApp] - Se encontró un archivo de configuración válido: Interfaz
14:20:10,307 (main) INFO  [uniandes.isis2304.parranderos.interfazApp.InterfazParranderosApp] - Se aplica configuración indicada en el archivo de configuración
14:20:10,320 (main) INFO  [uniandes.isis2304.parranderos.interfazApp.InterfazParranderosApp] - Se encontró un archivo de configuración válido: Tablas BD
14:21:41,363 (main) INFO  [uniandes.isis2304.parranderos.interfazApp.InterfazParranderosApp] - Se encontró un archivo de configuración válido: Interfaz
14:21:41,364 (main) INFO  [uniandes.isis2304.parranderos.interfazApp.InterfazParranderosApp] - Se aplica configuración indicada en el archivo de configuración
14:21:41,386 (main) INFO  [uniandes.isis2304.parranderos.interfazApp.InterfazParranderosApp] - Se encontró un archivo de configuración válido: Tablas BD
14:21:45,774 (AWT-EventQueue-0) INFO  [uniandes.isis2304.parranderos.negocio.AlohAndes] - Generando los VO de Usuarios
14:33:43,744 (main) INFO  [uniandes.isis2304.parranderos.interfazApp.InterfazParranderosApp] - Se encontró un archivo de configuración válido: Interfaz
14:33:43,744 (main) INFO  [uniandes.isis2304.parranderos.interfazApp.InterfazParranderosApp] - Se aplica configuración indicada en el archivo de configuración
14:33:43,756 (main) INFO  [uniandes.isis2304.parranderos.interfazApp.InterfazParranderosApp] - Se encontró un archivo de configuración válido: Tablas BD
14:33:47,646 (AWT-EventQueue-0) INFO  [uniandes.isis2304.parranderos.negocio.AlohAndes] - Generando los VO de Usuarios
14:33:47,715 (AWT-EventQueue-0) INFO  [uniandes.isis2304.parranderos.negocio.AlohAndes] - Generando los VO de Usuarios: 9 existentes
14:44:27,821 (main) INFO  [uniandes.isis2304.parranderos.interfazApp.InterfazParranderosApp] - Se encontró un archivo de configuración válido: Interfaz
14:44:27,821 (main) INFO  [uniandes.isis2304.parranderos.interfazApp.InterfazParranderosApp] - Se aplica configuración indicada en el archivo de configuración
14:44:27,833 (main) INFO  [uniandes.isis2304.parranderos.interfazApp.InterfazParranderosApp] - Se encontró un archivo de configuración válido: Tablas BD
14:44:34,182 (AWT-EventQueue-0) INFO  [uniandes.isis2304.parranderos.negocio.AlohAndes] - Generando los VO de Usuarios
14:44:34,254 (AWT-EventQueue-0) INFO  [uniandes.isis2304.parranderos.negocio.AlohAndes] - Generando los VO de Usuarios: 9 existentes
14:45:06,307 (main) INFO  [uniandes.isis2304.parranderos.interfazApp.InterfazParranderosApp] - Se encontró un archivo de configuración válido: Interfaz
14:45:06,308 (main) INFO  [uniandes.isis2304.parranderos.interfazApp.InterfazParranderosApp] - Se aplica configuración indicada en el archivo de configuración
14:45:06,321 (main) INFO  [uniandes.isis2304.parranderos.interfazApp.InterfazParranderosApp] - Se encontró un archivo de configuración válido: Tablas BD
14:45:20,134 (main) INFO  [uniandes.isis2304.parranderos.interfazApp.InterfazParranderosApp] - Se encontró un archivo de configuración válido: Interfaz
14:45:20,134 (main) INFO  [uniandes.isis2304.parranderos.interfazApp.InterfazParranderosApp] - Se aplica configuración indicada en el archivo de configuración
14:45:20,145 (main) INFO  [uniandes.isis2304.parranderos.interfazApp.InterfazParranderosApp] - Se encontró un archivo de configuración válido: Tablas BD
14:45:24,337 (AWT-EventQueue-0) INFO  [uniandes.isis2304.parranderos.negocio.AlohAndes] - Generando los VO de Usuarios
14:45:24,402 (AWT-EventQueue-0) INFO  [uniandes.isis2304.parranderos.negocio.AlohAndes] - Generando los VO de Usuarios: 9 existentes
14:45:54,347 (main) INFO  [uniandes.isis2304.parranderos.interfazApp.InterfazParranderosApp] - Se encontró un archivo de configuración válido: Interfaz
14:45:54,347 (main) INFO  [uniandes.isis2304.parranderos.interfazApp.InterfazParranderosApp] - Se aplica configuración indicada en el archivo de configuración
14:45:54,358 (main) INFO  [uniandes.isis2304.parranderos.interfazApp.InterfazParranderosApp] - Se encontró un archivo de configuración válido: Tablas BD
14:45:58,073 (AWT-EventQueue-0) INFO  [uniandes.isis2304.parranderos.negocio.AlohAndes] - Generando los VO de Usuarios
14:45:58,143 (AWT-EventQueue-0) INFO  [uniandes.isis2304.parranderos.negocio.AlohAndes] - Generando los VO de Usuarios: 9 existentes
14:48:09,234 (main) INFO  [uniandes.isis2304.parranderos.interfazApp.InterfazParranderosApp] - Se encontró un archivo de configuración válido: Interfaz
14:48:09,234 (main) INFO  [uniandes.isis2304.parranderos.interfazApp.InterfazParranderosApp] - Se aplica configuración indicada en el archivo de configuración
14:48:09,246 (main) INFO  [uniandes.isis2304.parranderos.interfazApp.InterfazParranderosApp] - Se encontró un archivo de configuración válido: Tablas BD
14:48:13,556 (AWT-EventQueue-0) INFO  [uniandes.isis2304.parranderos.negocio.AlohAndes] - Generando los VO de Usuarios
14:48:13,633 (AWT-EventQueue-0) INFO  [uniandes.isis2304.parranderos.negocio.AlohAndes] - Generando los VO de Usuarios: 9 existentes
15:34:58,920 (main) INFO  [uniandes.isis2304.parranderos.interfazApp.InterfazParranderosApp] - Se encontró un archivo de configuración válido: Interfaz
15:34:58,920 (main) INFO  [uniandes.isis2304.parranderos.interfazApp.InterfazParranderosApp] - Se aplica configuración indicada en el archivo de configuración
15:34:58,929 (main) INFO  [uniandes.isis2304.parranderos.interfazApp.InterfazParranderosApp] - Se encontró un archivo de configuración válido: Tablas BD
15:35:59,240 (AWT-EventQueue-0) INFO  [uniandes.isis2304.parranderos.negocio.AlohAndes] - Adicionando Usuario: 102345678
15:35:59,424 (AWT-EventQueue-0) ERROR [uniandes.isis2304.parranderos.persistencia.PersistenciaAlohAndes] - Exception : Error con la ejecucion de Query de SQL "INSERT INTO A_USUARIO(Id, Nit, Ubicacion, TipoJuridico, RelacionComunidad, Clave) values (?, ?, ?, ?, ?, ?)".
ORA-00001: restricción única (SYSTEM.A_USUARIO_PK) violada

15:35:59,432 (AWT-EventQueue-0) INFO  [uniandes.isis2304.parranderos.negocio.AlohAndes] - Adicionando Usuario: null
15:44:22,685 (main) INFO  [uniandes.isis2304.parranderos.interfazApp.InterfazParranderosApp] - Se encontró un archivo de configuración válido: Interfaz
15:44:22,685 (main) INFO  [uniandes.isis2304.parranderos.interfazApp.InterfazParranderosApp] - Se aplica configuración indicada en el archivo de configuración
15:44:22,694 (main) INFO  [uniandes.isis2304.parranderos.interfazApp.InterfazParranderosApp] - Se encontró un archivo de configuración válido: Tablas BD
15:45:06,450 (AWT-EventQueue-0) INFO  [uniandes.isis2304.parranderos.negocio.AlohAndes] - Adicionando Usuario: 1023456789
15:45:07,030 (AWT-EventQueue-0) INFO  [uniandes.isis2304.parranderos.negocio.AlohAndes] - Adicionando Usuario: Usuario [id=1, nit=1023456789, tipo jurídico=Hotel, relación comunidad=Convenio]
15:45:07,030 (AWT-EventQueue-0) INFO  [uniandes.isis2304.parranderos.negocio.AlohAndes] - Adicionando Operador: 1
15:45:07,077 (AWT-EventQueue-0) INFO  [uniandes.isis2304.parranderos.negocio.AlohAndes] - Adicionando Operador: Operador [id=1, nombre=Hotel Las Mercedes]
15:45:15,683 (AWT-EventQueue-0) INFO  [uniandes.isis2304.parranderos.negocio.AlohAndes] - Generando los VO de Usuarios
15:45:15,894 (AWT-EventQueue-0) INFO  [uniandes.isis2304.parranderos.negocio.AlohAndes] - Generando los VO de Usuarios: 1 existentes
